{"level":"error","message":"Error fetching used books: client is not defined","service":"used-books-automation","timestamp":"2025-03-28T19:00:00.871Z"}
{"level":"error","message":"Error in scheduled job: client is not defined","service":"used-books-automation","timestamp":"2025-03-28T19:00:00.873Z"}
{"level":"error","message":"No variant found for inventory item 43244936822917","service":"used-books-automation","timestamp":"2025-03-28T19:02:59.292Z"}
{"level":"error","message":"No variant found for inventory item 43070622400645","service":"used-books-automation","timestamp":"2025-03-28T19:03:28.687Z"}
{"level":"error","message":"No variant found for inventory item 42849281540229","service":"used-books-automation","timestamp":"2025-03-28T19:03:28.909Z"}
{"level":"error","message":"Error fetching used books: client is not defined","service":"used-books-automation","timestamp":"2025-03-28T19:10:15.626Z"}
{"level":"error","message":"Error in scheduled job: client is not defined","service":"used-books-automation","timestamp":"2025-03-28T19:10:15.628Z"}
{"level":"error","message":"Error fetching product 12345678901234: client is not defined","service":"used-books-automation","timestamp":"2025-03-28T19:11:28.851Z"}
{"level":"error","message":"Error processing inventory change for product 12345678901234: client is not defined","service":"used-books-automation","timestamp":"2025-03-28T19:11:28.855Z"}
{"level":"error","message":"Error triggering product check: client is not defined","service":"used-books-automation","timestamp":"2025-03-28T19:11:28.856Z"}
{"level":"error","message":"Error fetching used books: client is not defined","service":"used-books-automation","timestamp":"2025-03-28T20:30:00.200Z"}
{"level":"error","message":"Error in scheduled job: client is not defined","service":"used-books-automation","timestamp":"2025-03-28T20:30:00.201Z"}
{"level":"error","message":"Error fetching product 7135441617029: client is not defined","service":"used-books-automation","timestamp":"2025-03-28T20:35:27.924Z"}
{"level":"error","message":"Error processing inventory change for product 7135441617029: client is not defined","service":"used-books-automation","timestamp":"2025-03-28T20:35:27.926Z"}
{"level":"error","message":"Error triggering product check: client is not defined","service":"used-books-automation","timestamp":"2025-03-28T20:35:27.927Z"}
{"level":"error","message":"Error fetching used books: client is not defined","service":"used-books-automation","timestamp":"2025-03-28T20:35:49.006Z"}
{"level":"error","message":"Error in scheduled job: client is not defined","service":"used-books-automation","timestamp":"2025-03-28T20:35:49.008Z"}
{"level":"error","message":"Error fetching product 7135441617029: client is not defined","service":"used-books-automation","timestamp":"2025-03-28T20:39:52.690Z"}
{"level":"error","message":"Error processing inventory change for product 7135441617029: client is not defined","service":"used-books-automation","timestamp":"2025-03-28T20:39:52.693Z"}
{"level":"error","message":"Error triggering product check: client is not defined","service":"used-books-automation","timestamp":"2025-03-28T20:39:52.693Z"}
{"level":"error","message":"Error fetching used books: client is not defined","service":"used-books-automation","timestamp":"2025-03-28T20:40:32.252Z"}
{"level":"error","message":"Error in scheduled job: client is not defined","service":"used-books-automation","timestamp":"2025-03-28T20:40:32.257Z"}
{"level":"error","message":"Error fetching used books: client is not defined","service":"used-books-automation","timestamp":"2025-03-28T20:44:11.014Z"}
{"level":"error","message":"Error in scheduled job: client is not defined","service":"used-books-automation","timestamp":"2025-03-28T20:44:11.018Z"}
{"level":"error","message":"Error fetching used books: client is not defined","service":"used-books-automation","timestamp":"2025-03-28T20:55:33.858Z"}
{"level":"error","message":"Error in scheduled job: client is not defined","service":"used-books-automation","timestamp":"2025-03-28T20:55:33.861Z"}
{"level":"error","message":"Error in GET request to [object Object]: Unexpected token '<', \"<html>\n  <\"... is not valid JSON","service":"used-books-automation","timestamp":"2025-03-28T20:55:53.319Z"}
{"level":"error","message":"Error fetching used books: Unexpected token '<', \"<html>\n  <\"... is not valid JSON","service":"used-books-automation","timestamp":"2025-03-28T20:55:53.320Z"}
{"level":"error","message":"Error in scheduled job: Unexpected token '<', \"<html>\n  <\"... is not valid JSON","service":"used-books-automation","timestamp":"2025-03-28T20:55:53.320Z"}
{"level":"error","message":"Error in GET request to [object Object]: Unexpected token '<', \"<html>\n  <\"... is not valid JSON","service":"used-books-automation","timestamp":"2025-03-28T21:00:00.696Z"}
{"level":"error","message":"Error fetching used books: Unexpected token '<', \"<html>\n  <\"... is not valid JSON","service":"used-books-automation","timestamp":"2025-03-28T21:00:00.697Z"}
{"level":"error","message":"Error in scheduled job: Unexpected token '<', \"<html>\n  <\"... is not valid JSON","service":"used-books-automation","timestamp":"2025-03-28T21:00:00.697Z"}
{"level":"error","message":"Error in GET request to [object Object]: Unexpected token '<', \"<html>\n  <\"... is not valid JSON","service":"used-books-automation","timestamp":"2025-03-28T21:02:38.718Z"}
{"level":"error","message":"Error fetching product 7135441617029: Unexpected token '<', \"<html>\n  <\"... is not valid JSON","service":"used-books-automation","timestamp":"2025-03-28T21:02:38.719Z"}
{"level":"error","message":"Error processing inventory change for product 7135441617029: Unexpected token '<', \"<html>\n  <\"... is not valid JSON","service":"used-books-automation","timestamp":"2025-03-28T21:02:38.719Z"}
{"level":"error","message":"Error triggering product check: Unexpected token '<', \"<html>\n  <\"... is not valid JSON","service":"used-books-automation","timestamp":"2025-03-28T21:02:38.720Z"}
{"level":"error","message":"Error in GET request to products.json: API returned status 400: {\"errors\":{\"page\":\"page cannot be passed. See https:\\/\\/shopify.dev\\/api\\/usage\\/pagination-rest for more information.\"}}","service":"used-books-automation","timestamp":"2025-03-28T21:16:53.198Z"}
{"level":"error","message":"Error fetching used books: API returned status 400: {\"errors\":{\"page\":\"page cannot be passed. See https:\\/\\/shopify.dev\\/api\\/usage\\/pagination-rest for more information.\"}}","service":"used-books-automation","timestamp":"2025-03-28T21:16:53.198Z"}
{"level":"error","message":"Error in scheduled job: API returned status 400: {\"errors\":{\"page\":\"page cannot be passed. See https:\\/\\/shopify.dev\\/api\\/usage\\/pagination-rest for more information.\"}}","service":"used-books-automation","timestamp":"2025-03-28T21:16:53.199Z"}
{"level":"error","message":"Error fetching used books: config is not defined","service":"used-books-automation","timestamp":"2025-03-28T21:23:31.934Z"}
{"level":"error","message":"Error in scheduled job: config is not defined","service":"used-books-automation","timestamp":"2025-03-28T21:23:31.939Z"}
{"level":"error","message":"Error in GET request to products.json: API returned status 429: {\"errors\":\"Exceeded 2 calls per second for api client. Reduce request rates to resume uninterrupted service.\"}","service":"used-books-automation","timestamp":"2025-03-28T21:32:12.228Z"}
{"level":"error","message":"Error fetching used books: API returned status 429: {\"errors\":\"Exceeded 2 calls per second for api client. Reduce request rates to resume uninterrupted service.\"}","service":"used-books-automation","timestamp":"2025-03-28T21:32:12.229Z"}
{"level":"error","message":"Error in scheduled job: API returned status 429: {\"errors\":\"Exceeded 2 calls per second for api client. Reduce request rates to resume uninterrupted service.\"}","service":"used-books-automation","timestamp":"2025-03-28T21:32:12.229Z"}
{"level":"error","message":"Error looking up product: shopifyClient is not defined","service":"used-books-automation","timestamp":"2025-03-28T21:47:29.318Z"}
{"level":"error","message":"Error fetching used books: Cannot read properties of undefined (reading 'replace')","service":"used-books-automation","timestamp":"2025-03-29T14:53:01.869Z"}
{"level":"error","message":"Error in scheduled job: Cannot read properties of undefined (reading 'replace')","service":"used-books-automation","timestamp":"2025-03-29T14:53:01.870Z"}
{"level":"error","message":"Error in GET request to products.json: fetch failed","service":"used-books-automation","timestamp":"2025-03-29T14:55:21.120Z"}
{"level":"error","message":"Error fetching used books: fetch failed","service":"used-books-automation","timestamp":"2025-03-29T14:55:21.120Z"}
{"level":"error","message":"Error in scheduled job: fetch failed","service":"used-books-automation","timestamp":"2025-03-29T14:55:21.120Z"}
{"level":"error","message":"Error in GET request to products.json: fetch failed","service":"used-books-automation","timestamp":"2025-03-29T14:55:42.562Z"}
{"level":"error","message":"Error fetching used books: fetch failed","service":"used-books-automation","timestamp":"2025-03-29T14:55:42.562Z"}
{"level":"error","message":"Error in scheduled job: fetch failed","service":"used-books-automation","timestamp":"2025-03-29T14:55:42.562Z"}
{"level":"error","message":"Error in GET request to products.json: Shop URL is not defined in config","service":"used-books-automation","timestamp":"2025-03-29T14:56:53.162Z"}
{"level":"error","message":"Error fetching used books: Shop URL is not defined in config","service":"used-books-automation","timestamp":"2025-03-29T14:56:53.168Z"}
{"level":"error","message":"Error in scheduled job: Shop URL is not defined in config","service":"used-books-automation","timestamp":"2025-03-29T14:56:53.168Z"}
{"level":"error","message":"Error in GET request to products.json: Shop URL is not defined in config","service":"used-books-automation","timestamp":"2025-03-29T14:57:07.963Z"}
{"level":"error","message":"Error fetching used books: Shop URL is not defined in config","service":"used-books-automation","timestamp":"2025-03-29T14:57:07.965Z"}
{"level":"error","message":"Error in scheduled job: Shop URL is not defined in config","service":"used-books-automation","timestamp":"2025-03-29T14:57:07.965Z"}
{"level":"error","message":"Error in GET request to products.json: Shop URL is not defined in config","service":"used-books-automation","timestamp":"2025-03-29T15:00:00.971Z"}
{"level":"error","message":"Error fetching used books: Shop URL is not defined in config","service":"used-books-automation","timestamp":"2025-03-29T15:00:00.972Z"}
{"level":"error","message":"Error in scheduled job: Shop URL is not defined in config","service":"used-books-automation","timestamp":"2025-03-29T15:00:00.972Z"}
{"level":"error","message":"Error in GET request to products.json: API returned status 400: {\"errors\":{\"page\":\"page cannot be passed. See https:\\/\\/shopify.dev\\/api\\/usage\\/pagination-rest for more information.\"}}","service":"used-books-automation","timestamp":"2025-03-29T15:17:23.002Z"}
{"level":"error","message":"Error fetching used books: API returned status 400: {\"errors\":{\"page\":\"page cannot be passed. See https:\\/\\/shopify.dev\\/api\\/usage\\/pagination-rest for more information.\"}}","service":"used-books-automation","timestamp":"2025-03-29T15:17:23.002Z"}
{"level":"error","message":"Error in scheduled job: API returned status 400: {\"errors\":{\"page\":\"page cannot be passed. See https:\\/\\/shopify.dev\\/api\\/usage\\/pagination-rest for more information.\"}}","service":"used-books-automation","timestamp":"2025-03-29T15:17:23.003Z"}
{"level":"error","message":"Error in GET request to [object Object]: Unexpected token '<', \"<html>\n  <\"... is not valid JSON","service":"used-books-automation","timestamp":"2025-03-29T15:58:48.992Z"}
{"level":"error","message":"Error fetching product 5238897279109: Unexpected token '<', \"<html>\n  <\"... is not valid JSON","service":"used-books-automation","timestamp":"2025-03-29T15:58:48.992Z"}
{"level":"error","message":"Error processing inventory change for product 5238897279109: Unexpected token '<', \"<html>\n  <\"... is not valid JSON","service":"used-books-automation","timestamp":"2025-03-29T15:58:48.992Z"}
{"level":"error","message":"Error in scheduled job: Unexpected token '<', \"<html>\n  <\"... is not valid JSON","service":"used-books-automation","timestamp":"2025-03-29T15:58:48.992Z"}
{"level":"error","message":"Error in GET request to [object Object]: Unexpected token '<', \"<html>\n  <\"... is not valid JSON","service":"used-books-automation","timestamp":"2025-03-29T16:00:48.486Z"}
{"level":"error","message":"Error fetching product 5238897279109: Unexpected token '<', \"<html>\n  <\"... is not valid JSON","service":"used-books-automation","timestamp":"2025-03-29T16:00:48.487Z"}
{"level":"error","message":"Error processing inventory change for product 5238897279109: Unexpected token '<', \"<html>\n  <\"... is not valid JSON","service":"used-books-automation","timestamp":"2025-03-29T16:00:48.487Z"}
{"level":"error","message":"Error in scheduled job: Unexpected token '<', \"<html>\n  <\"... is not valid JSON","service":"used-books-automation","timestamp":"2025-03-29T16:00:48.487Z"}
{"level":"error","message":"Error in GET request to [object Object]: Unexpected token '<', \"<html>\n  <\"... is not valid JSON","service":"used-books-automation","timestamp":"2025-03-29T16:02:37.684Z"}
{"level":"error","message":"Error fetching product 5238897279109: Unexpected token '<', \"<html>\n  <\"... is not valid JSON","service":"used-books-automation","timestamp":"2025-03-29T16:02:37.685Z"}
{"level":"error","message":"Error processing inventory change for product 5238897279109: Unexpected token '<', \"<html>\n  <\"... is not valid JSON","service":"used-books-automation","timestamp":"2025-03-29T16:02:37.685Z"}
{"level":"error","message":"Error in scheduled job: Unexpected token '<', \"<html>\n  <\"... is not valid JSON","service":"used-books-automation","timestamp":"2025-03-29T16:02:37.685Z"}
{"level":"error","message":"Error fetching inventory for item 36704205242501: Cannot read properties of undefined (reading '0')","service":"used-books-automation","timestamp":"2025-03-29T16:17:49.582Z"}
{"level":"error","message":"Error checking stock for variant 34812705308805: Cannot read properties of undefined (reading '0')","service":"used-books-automation","timestamp":"2025-03-29T16:17:49.582Z"}
{"level":"error","message":"Error processing inventory change for product 5238897279109: Cannot read properties of undefined (reading '0')","service":"used-books-automation","timestamp":"2025-03-29T16:17:49.582Z"}
{"level":"error","message":"Error in scheduled job: Cannot read properties of undefined (reading '0')","service":"used-books-automation","timestamp":"2025-03-29T16:17:49.583Z"}
{"level":"error","message":"Error in PUT request to [object Object]: Unexpected token '<', \"<html>\n  <\"... is not valid JSON","service":"used-books-automation","timestamp":"2025-03-29T16:20:28.388Z"}
{"level":"error","message":"Error unpublishing product 5238897279109: Unexpected token '<', \"<html>\n  <\"... is not valid JSON","service":"used-books-automation","timestamp":"2025-03-29T16:20:28.389Z"}
{"level":"error","message":"Error processing inventory change for product 5238897279109: Unexpected token '<', \"<html>\n  <\"... is not valid JSON","service":"used-books-automation","timestamp":"2025-03-29T16:20:28.389Z"}
{"level":"error","message":"Error in scheduled job: Unexpected token '<', \"<html>\n  <\"... is not valid JSON","service":"used-books-automation","timestamp":"2025-03-29T16:20:28.389Z"}
{"level":"error","message":"Error finding redirect for path test-book-title-used-very-good: Cannot read properties of undefined (reading '0')","service":"used-books-automation","timestamp":"2025-03-29T16:40:19.463Z"}
